<?xml version="1.0" encoding="UTF-8"?>
<!-- Generated by org.testng.reporters.JUnitReportReporter -->
<testsuite hostname="DESKTOP-S3KSH1H" failures="0" tests="2" name="sandeepkumar.Tests.ErrorValidation" time="37.238" errors="0" timestamp="2024-12-19T14:59:54 IST" skipped="0">
  <testcase classname="sandeepkumar.Tests.ErrorValidation" name="loginErrorValidation" time="17.082"/>
  <testcase classname="sandeepkumar.Tests.ErrorValidation" name="ProductErrorValidation" time="20.156"/>
</testsuite> <!-- sandeepkumar.Tests.ErrorValidation -->
