<?xml version="1.0" encoding="UTF-8"?>
<!-- Generated by org.testng.reporters.JUnitReportReporter -->
<testsuite hostname="DESKTOP-S3KSH1H" failures="0" tests="3" name="sandeepkumar.Tests.SubmitOrderTest" time="57.415" errors="0" timestamp="2024-12-19T14:59:54 IST" skipped="0">
  <testcase classname="sandeepkumar.Tests.SubmitOrderTest" name="OrderHistoryTest" time="17.019"/>
  <testcase classname="sandeepkumar.Tests.SubmitOrderTest" name="submitOrder" time="23.228"/>
  <testcase classname="sandeepkumar.Tests.SubmitOrderTest" name="submitOrder" time="17.168"/>
</testsuite> <!-- sandeepkumar.Tests.SubmitOrderTest -->
