<?xml version="1.0" encoding="UTF-8"?>
<!-- Generated by org.testng.reporters.JUnitReportReporter -->
<testsuite hostname="DESKTOP-S3KSH1H" failures="0" tests="3" name="sandeepkumar.Tests.SubmitOrderTest" time="101.563" errors="0" timestamp="2024-12-19T15:48:26 IST" skipped="0">
  <testcase classname="sandeepkumar.Tests.SubmitOrderTest" name="submitOrder" time="46.707"/>
  <testcase classname="sandeepkumar.Tests.SubmitOrderTest" name="submitOrder" time="35.797"/>
  <testcase classname="sandeepkumar.Tests.SubmitOrderTest" name="OrderHistoryTest" time="19.059"/>
</testsuite> <!-- sandeepkumar.Tests.SubmitOrderTest -->
